<?xml version="1.0" encoding="UTF-8"?>
<!-- Generated by org.testng.reporters.JUnitReportReporter -->
<testsuite hostname="Netow-Admin-4" failures="0" tests="4" name="testcase.KongaLogin" time="249.125" errors="0" timestamp="2024-02-15T17:09:11 WAT" skipped="0">
  <testcase classname="testcase.KongaLogin" name="LoginTest" time="86.563"/>
  <testcase classname="testcase.KongaLogin" name="LoginTest" time="58.465"/>
  <testcase classname="testcase.KongaLogin" name="LoginTest" time="52.353"/>
  <testcase classname="testcase.KongaLogin" name="LoginTest" time="51.744"/>
</testsuite> <!-- testcase.KongaLogin -->
