<?xml version="1.0" encoding="UTF-8"?>
<!-- Generated by org.testng.reporters.JUnitReportReporter -->
<testsuite hostname="Netow-Admin-4" failures="0" tests="1" name="testcase.KongaCart" time="67.884" errors="0" timestamp="2024-02-15T17:09:11 WAT" skipped="0">
  <testcase classname="testcase.KongaCart" name="LoginTest" time="67.884"/>
</testsuite> <!-- testcase.KongaCart -->
