<?xml version="1.0" encoding="UTF-8"?>
<!-- Generated by org.testng.reporters.JUnitReportReporter -->
<testsuite hostname="Netow-Admin-4" failures="0" tests="4" name="testcase.MySecondTest" time="402.037" errors="0" timestamp="2024-02-14T07:24:25 WAT" skipped="0">
  <testcase classname="testcase.MySecondTest" name="LoginTest" time="77.366"/>
  <testcase classname="testcase.MySecondTest" name="LoginTest" time="173.365"/>
  <testcase classname="testcase.MySecondTest" name="LoginTest" time="61.008"/>
  <testcase classname="testcase.MySecondTest" name="LoginTest" time="90.298"/>
</testsuite> <!-- testcase.MySecondTest -->
