<?xml version="1.0" encoding="UTF-8"?>
<!-- Generated by org.testng.reporters.JUnitReportReporter -->
<testsuite hostname="Netow-Admin-4" failures="0" tests="4" name="testcase.MyFirstTest" time="297.953" errors="0" timestamp="2024-02-14T07:24:25 WAT" skipped="0">
  <testcase classname="testcase.MyFirstTest" name="LoginTest" time="71.916"/>
  <testcase classname="testcase.MyFirstTest" name="LoginTest" time="83.065"/>
  <testcase classname="testcase.MyFirstTest" name="LoginTest" time="55.753"/>
  <testcase classname="testcase.MyFirstTest" name="LoginTest" time="87.219"/>
</testsuite> <!-- testcase.MyFirstTest -->
