<?xml version="1.0" encoding="UTF-8"?>
<!-- Generated by org.testng.reporters.JUnitReportReporter -->
<testsuite hostname="Netow-Admin-4" failures="0" tests="1" name="testcase.KongaSignUp" time="79.624" errors="0" timestamp="2024-02-15T17:09:11 WAT" skipped="0">
  <testcase classname="testcase.KongaSignUp" name="LoginTest" time="79.624"/>
</testsuite> <!-- testcase.KongaSignUp -->
